<?xml version="1.0" encoding="UTF-8"?>
<testng-results skipped="0" failed="0" ignored="0" total="1" passed="1">
  <reporter-output>
  </reporter-output>
  <suite name="Surefire suite" duration-ms="37" started-at="2020-11-11T09:56:47 ART" finished-at="2020-11-11T09:56:47 ART">
    <groups>
    </groups>
    <test name="Surefire test" duration-ms="37" started-at="2020-11-11T09:56:47 ART" finished-at="2020-11-11T09:56:47 ART">
      <class name="eduit.com.Clase1.AppTest">
        <test-method status="PASS" signature="shouldAnswerWithTrue()[pri:0, instance:eduit.com.Clase1.AppTest@4e1d422d]" name="shouldAnswerWithTrue" duration-ms="4" started-at="2020-11-11T09:56:47 ART" finished-at="2020-11-11T09:56:47 ART">
          <reporter-output>
          </reporter-output>
        </test-method> <!-- shouldAnswerWithTrue -->
      </class> <!-- eduit.com.Clase1.AppTest -->
    </test> <!-- Surefire test -->
  </suite> <!-- Surefire suite -->
</testng-results>
